<?xml version="1.0" encoding="UTF-8"?>
<testsuite xmlns:xsi="http://www.w3.org/2001/XMLSchema-instance" xsi:noNamespaceSchemaLocation="https://maven.apache.org/surefire/maven-surefire-plugin/xsd/surefire-test-report-3.0.xsd" version="3.0" name="com.tutorialsninja.automation.runner.Runner" time="112.377" tests="11" errors="0" skipped="0" failures="0">
  <properties>
[...]
</properties>
  <testcase name="Verify whether the User is able to login with valid credentials" classname="Login functionality scenarios" time="13.153">
    <system-out><![CDATA[
@Login @One
&amp#27;[1mScenario:&amp#27;[22m Verify whether the User is able to login with valid credentials &amp#27;[90m# classpath:FeatureFiles//Login.feature:4&amp#27;[0m
  &amp#27;[32m✔&amp#27;[0m &amp#27;[32m&amp#27;[1mGiven &amp#27;[22mI launch the application&amp#27;[0m                                        &amp#27;[90m# com.tutorialsninja.automation.stepdef.Register.i_launch_the_application()&amp#27;[0m
  &amp#27;[32m✔&amp#27;[0m &amp#27;[32m&amp#27;[1mAnd &amp#27;[22mI navigate to Account Login page&amp#27;[0m                                  &amp#27;[90m# com.tutorialsninja.automation.stepdef.Login.i_navigate_to_account_login_page()&amp#27;[0m
  &amp#27;[32m✔&amp#27;[0m &amp#27;[32m&amp#27;[1mWhen &amp#27;[22mI enter email and Password&amp#27;[0m                                       &amp#27;[90m# com.tutorialsninja.automation.stepdef.Login.i_enter_email_and_password()&amp#27;[0m
  &amp#27;[32m✔&amp#27;[0m &amp#27;[32m&amp#27;[1mAnd &amp#27;[22mI click on Login button&amp#27;[0m                                           &amp#27;[90m# com.tutorialsninja.automation.stepdef.Login.i_click_on_login_button()&amp#27;[0m
  &amp#27;[32m✔&amp#27;[0m &amp#27;[32m&amp#27;[1mThen &amp#27;[22mI should be able login successfully&amp#27;[0m                              &amp#27;[90m# com.tutorialsninja.automation.stepdef.Login.i_should_be_able_login_successfully()&amp#27;[0m
]]></system-out>
    <system-err><![CDATA[SLF4J(W): No SLF4J providers were found.
SLF4J(W): Defaulting to no-operation (NOP) logger implementation
SLF4J(W): See https://www.slf4j.org/codes.html#noProviders for further details.
]]></system-err>
  </testcase>
  <testcase name="Verify whether the User is not able to login with invalid credentials" classname="Login functionality scenarios" time="9.792">
    <system-out><![CDATA[
@Login @Two
&amp#27;[1mScenario:&amp#27;[22m Verify whether the User is not able to login with invalid credentials &amp#27;[90m# classpath:FeatureFiles//Login.feature:12&amp#27;[0m
  &amp#27;[32m✔&amp#27;[0m &amp#27;[32m&amp#27;[1mGiven &amp#27;[22mI launch the application&amp#27;[0m                                              &amp#27;[90m# com.tutorialsninja.automation.stepdef.Register.i_launch_the_application()&amp#27;[0m
  &amp#27;[32m✔&amp#27;[0m &amp#27;[32m&amp#27;[1mAnd &amp#27;[22mI navigate to Account Login page&amp#27;[0m                                        &amp#27;[90m# com.tutorialsninja.automation.stepdef.Login.i_navigate_to_account_login_page()&amp#27;[0m
  &amp#27;[32m✔&amp#27;[0m &amp#27;[32m&amp#27;[1mWhen &amp#27;[22mI enter Email and Password invalid&amp#27;[0m                                     &amp#27;[90m# com.tutorialsninja.automation.stepdef.Login.iEnterEmailAndPasswordInvalid()&amp#27;[0m
  &amp#27;[32m✔&amp#27;[0m &amp#27;[32m&amp#27;[1mAnd &amp#27;[22mI click on Login button&amp#27;[0m                                                 &amp#27;[90m# com.tutorialsninja.automation.stepdef.Login.i_click_on_login_button()&amp#27;[0m
  &amp#27;[32m✔&amp#27;[0m &amp#27;[32m&amp#27;[1mThen &amp#27;[22mI should see an error message that the credentials are invalid&amp#27;[0m         &amp#27;[90m# com.tutorialsninja.automation.stepdef.Login.i_should_see_an_error_message_that_the_credentials_are_invalid()&amp#27;[0m
]]></system-out>
  </testcase>
  <testcase name="Verify whether the User is not able login without providing credentials" classname="Login functionality scenarios" time="9.512">
    <system-out><![CDATA[
@Login @Three
&amp#27;[1mScenario:&amp#27;[22m Verify whether the User is not able login without providing credentials &amp#27;[90m# classpath:FeatureFiles//Login.feature:20&amp#27;[0m
  &amp#27;[32m✔&amp#27;[0m &amp#27;[32m&amp#27;[1mGiven &amp#27;[22mI launch the application&amp#27;[0m                                                &amp#27;[90m# com.tutorialsninja.automation.stepdef.Register.i_launch_the_application()&amp#27;[0m
  &amp#27;[32m✔&amp#27;[0m &amp#27;[32m&amp#27;[1mAnd &amp#27;[22mI navigate to Account Login page&amp#27;[0m                                          &amp#27;[90m# com.tutorialsninja.automation.stepdef.Login.i_navigate_to_account_login_page()&amp#27;[0m
  &amp#27;[32m✔&amp#27;[0m &amp#27;[32m&amp#27;[1mWhen &amp#27;[22mI enter Username empty and Password empty&amp#27;[0m                                &amp#27;[90m# com.tutorialsninja.automation.stepdef.Login.iEnterUsernameEmptyAndPasswordEmpty()&amp#27;[0m
  &amp#27;[32m✔&amp#27;[0m &amp#27;[32m&amp#27;[1mAnd &amp#27;[22mI click on Login button&amp#27;[0m                                                   &amp#27;[90m# com.tutorialsninja.automation.stepdef.Login.i_click_on_login_button()&amp#27;[0m
  &amp#27;[32m✔&amp#27;[0m &amp#27;[32m&amp#27;[1mThen &amp#27;[22mI should see an error message that the credentials are invalid&amp#27;[0m           &amp#27;[90m# com.tutorialsninja.automation.stepdef.Login.i_should_see_an_error_message_that_the_credentials_are_invalid()&amp#27;[0m
]]></system-out>
  </testcase>
  <testcase name="Verify whether the User is able to reset the forgotten password" classname="Login functionality scenarios" time="10.967">
    <system-out><![CDATA[
@Login @Four
&amp#27;[1mScenario:&amp#27;[22m Verify whether the User is able to reset the forgotten password                                                       &amp#27;[90m# classpath:FeatureFiles//Login.feature:28&amp#27;[0m
  &amp#27;[32m✔&amp#27;[0m &amp#27;[32m&amp#27;[1mGiven &amp#27;[22mI launch the application&amp#27;[0m                                                                                              &amp#27;[90m# com.tutorialsninja.automation.stepdef.Register.i_launch_the_application()&amp#27;[0m
  &amp#27;[32m✔&amp#27;[0m &amp#27;[32m&amp#27;[1mAnd &amp#27;[22mI navigate to Account Login page&amp#27;[0m                                                                                        &amp#27;[90m# com.tutorialsninja.automation.stepdef.Login.i_navigate_to_account_login_page()&amp#27;[0m
  &amp#27;[32m✔&amp#27;[0m &amp#27;[32m&amp#27;[1mWhen &amp#27;[22mI reset  the forgotten password for email&amp#27;[0m                                                                              &amp#27;[90m# com.tutorialsninja.automation.stepdef.Login.iResetTheForgottenPasswordForEmail()&amp#27;[0m
  &amp#27;[32m✔&amp#27;[0m &amp#27;[32m&amp#27;[1mThen &amp#27;[22mI should see a message informing the User that information related to resting password have been sent to email address&amp#27;[0m &amp#27;[90m# com.tutorialsninja.automation.stepdef.Login.i_should_see_a_message_informing_the_user_that_information_related_to_resting_password_have_been_sent_to_email_address()&amp#27;[0m
]]></system-out>
  </testcase>
  <testcase name="Verify whether the User is not able to reset the forgotten password" classname="Login functionality scenarios" time="9.822">
    <system-out><![CDATA[
@Login @Five
&amp#27;[1mScenario:&amp#27;[22m Verify whether the User is not able to reset the forgotten password &amp#27;[90m# classpath:FeatureFiles//Login.feature:35&amp#27;[0m
  &amp#27;[32m✔&amp#27;[0m &amp#27;[32m&amp#27;[1mGiven &amp#27;[22mI launch the application&amp#27;[0m                                            &amp#27;[90m# com.tutorialsninja.automation.stepdef.Register.i_launch_the_application()&amp#27;[0m
  &amp#27;[32m✔&amp#27;[0m &amp#27;[32m&amp#27;[1mAnd &amp#27;[22mI navigate to Account Login page&amp#27;[0m                                      &amp#27;[90m# com.tutorialsninja.automation.stepdef.Login.i_navigate_to_account_login_page()&amp#27;[0m
  &amp#27;[32m✔&amp#27;[0m &amp#27;[32m&amp#27;[1mWhen &amp#27;[22mI reset the forgotten password for email with an invalid email&amp#27;[0m       &amp#27;[90m# com.tutorialsninja.automation.stepdef.Login.i_reset_the_forgotten_password_for_email_with_an_invalid_email()&amp#27;[0m
  &amp#27;[32m✔&amp#27;[0m &amp#27;[32m&amp#27;[1mThen &amp#27;[22mI should see an error message indicating the email is invalid&amp#27;[0m        &amp#27;[90m# com.tutorialsninja.automation.stepdef.Login.i_should_see_an_error_message_indicating_the_email_is_invalid()&amp#27;[0m
]]></system-out>
  </testcase>
  <testcase name="Verify whether the user able to register into the application by providing all the details" classname="Registration functionality scenarios" time="10.575">
    <system-out><![CDATA[
@Register @One
&amp#27;[1mScenario:&amp#27;[22m Verify whether the user able to register into the application by providing all the details &amp#27;[90m# classpath:FeatureFiles//Register.feature:4&amp#27;[0m
  &amp#27;[32m✔&amp#27;[0m &amp#27;[32m&amp#27;[1mGiven &amp#27;[22mI launch the application&amp#27;[0m                                                                   &amp#27;[90m# com.tutorialsninja.automation.stepdef.Register.i_launch_the_application()&amp#27;[0m
  &amp#27;[32m✔&amp#27;[0m &amp#27;[32m&amp#27;[1mAnd &amp#27;[22mI navigate to Account Registration page&amp#27;[0m                                                      &amp#27;[90m# com.tutorialsninja.automation.stepdef.Register.i_navigate_to_Account_Registration_page()&amp#27;[0m
  &amp#27;[32m✔&amp#27;[0m &amp#27;[32m&amp#27;[1mWhen &amp#27;[22mI provide all the below valid details&amp#27;[0m                                                       &amp#27;[90m# com.tutorialsninja.automation.stepdef.Register.i_provide_all_the_below_valid_details()&amp#27;[0m
  &amp#27;[32m✔&amp#27;[0m &amp#27;[32m&amp#27;[1mAnd &amp#27;[22mI select the Privacy Policy&amp#27;[0m                                                                  &amp#27;[90m# com.tutorialsninja.automation.stepdef.Register.i_select_the_Privacy_Policy()&amp#27;[0m
  &amp#27;[32m✔&amp#27;[0m &amp#27;[32m&amp#27;[1mAnd &amp#27;[22mI click on Continue Button&amp#27;[0m                                                                   &amp#27;[90m# com.tutorialsninja.automation.stepdef.Register.i_click_on_Continue_Button()&amp#27;[0m
  &amp#27;[32m✔&amp#27;[0m &amp#27;[32m&amp#27;[1mThen &amp#27;[22mI should see that the User account has successfully created&amp#27;[0m                                 &amp#27;[90m# com.tutorialsninja.automation.stepdef.Register.i_should_see_that_the_User_account_has_created()&amp#27;[0m
]]></system-out>
  </testcase>
  <testcase name="Verify  whether the user is not allowed to register on skipping mandatory fields" classname="Registration functionality scenarios" time="9.037">
    <system-out><![CDATA[
@Register @Two
&amp#27;[1mScenario:&amp#27;[22m Verify  whether the user is not allowed to register on skipping mandatory fields &amp#27;[90m# classpath:FeatureFiles//Register.feature:13&amp#27;[0m
  &amp#27;[32m✔&amp#27;[0m &amp#27;[32m&amp#27;[1mGiven &amp#27;[22mI launch the application&amp#27;[0m                                                         &amp#27;[90m# com.tutorialsninja.automation.stepdef.Register.i_launch_the_application()&amp#27;[0m
  &amp#27;[32m✔&amp#27;[0m &amp#27;[32m&amp#27;[1mAnd &amp#27;[22mI navigate to Account Registration page&amp#27;[0m                                            &amp#27;[90m# com.tutorialsninja.automation.stepdef.Register.i_navigate_to_Account_Registration_page()&amp#27;[0m
  &amp#27;[32m✔&amp#27;[0m &amp#27;[32m&amp#27;[1mWhen &amp#27;[22mI click on Continue Button&amp#27;[0m                                                        &amp#27;[90m# com.tutorialsninja.automation.stepdef.Register.i_click_on_Continue_Button()&amp#27;[0m
  &amp#27;[32m✔&amp#27;[0m &amp#27;[32m&amp#27;[1mThen &amp#27;[22mI should see that the User account is not created&amp#27;[0m                                 &amp#27;[90m# com.tutorialsninja.automation.stepdef.Register.i_should_see_that_the_user_account_is_not_created()&amp#27;[0m
  &amp#27;[32m✔&amp#27;[0m &amp#27;[32m&amp#27;[1mAnd &amp#27;[22mI should see the error message informing the user to fill the mandatory fields&amp#27;[0m     &amp#27;[90m# com.tutorialsninja.automation.stepdef.Register.i_should_see_the_error_message_informing_the_user_to_fill_the_mandatory_fields()&amp#27;[0m
]]></system-out>
  </testcase>
  <testcase name="Verify whether the user is able to register into application by opting for Newsletter subscription" classname="Registration functionality scenarios" time="10.892">
    <system-out><![CDATA[
@Register @Three
&amp#27;[1mScenario:&amp#27;[22m Verify whether the user is able to register into application by opting for Newsletter subscription &amp#27;[90m# classpath:FeatureFiles//Register.feature:21&amp#27;[0m
  &amp#27;[32m✔&amp#27;[0m &amp#27;[32m&amp#27;[1mGiven &amp#27;[22mI launch the application&amp#27;[0m                                                                           &amp#27;[90m# com.tutorialsninja.automation.stepdef.Register.i_launch_the_application()&amp#27;[0m
  &amp#27;[32m✔&amp#27;[0m &amp#27;[32m&amp#27;[1mAnd &amp#27;[22mI navigate to Account Registration page&amp#27;[0m                                                              &amp#27;[90m# com.tutorialsninja.automation.stepdef.Register.i_navigate_to_Account_Registration_page()&amp#27;[0m
  &amp#27;[32m✔&amp#27;[0m &amp#27;[32m&amp#27;[1mWhen &amp#27;[22mI provide all the below valid details&amp#27;[0m                                                               &amp#27;[90m# com.tutorialsninja.automation.stepdef.Register.i_provide_all_the_below_valid_details()&amp#27;[0m
  &amp#27;[32m✔&amp#27;[0m &amp#27;[32m&amp#27;[1mAnd &amp#27;[22mI subscribe to Newsletter&amp#27;[0m                                                                            &amp#27;[90m# com.tutorialsninja.automation.stepdef.Register.i_subscribe_to_newsletter()&amp#27;[0m
  &amp#27;[32m✔&amp#27;[0m &amp#27;[32m&amp#27;[1mAnd &amp#27;[22mI select the Privacy Policy&amp#27;[0m                                                                          &amp#27;[90m# com.tutorialsninja.automation.stepdef.Register.i_select_the_Privacy_Policy()&amp#27;[0m
  &amp#27;[32m✔&amp#27;[0m &amp#27;[32m&amp#27;[1mAnd &amp#27;[22mI click on Continue Button&amp#27;[0m                                                                           &amp#27;[90m# com.tutorialsninja.automation.stepdef.Register.i_click_on_Continue_Button()&amp#27;[0m
  &amp#27;[32m✔&amp#27;[0m &amp#27;[32m&amp#27;[1mThen &amp#27;[22mI should see that the User account has successfully created&amp#27;[0m                                         &amp#27;[90m# com.tutorialsninja.automation.stepdef.Register.i_should_see_that_the_User_account_has_created()&amp#27;[0m
]]></system-out>
  </testcase>
  <testcase name="Verify whether the user is restricted from creating a duplicate account" classname="Registration functionality scenarios" time="12.279">
    <system-out><![CDATA[
@Register @Four
&amp#27;[1mScenario:&amp#27;[22m Verify whether the user is restricted from creating a duplicate account &amp#27;[90m# classpath:FeatureFiles//Register.feature:31&amp#27;[0m
  &amp#27;[32m✔&amp#27;[0m &amp#27;[32m&amp#27;[1mGiven &amp#27;[22mI launch the application&amp#27;[0m                                                &amp#27;[90m# com.tutorialsninja.automation.stepdef.Register.i_launch_the_application()&amp#27;[0m
  &amp#27;[32m✔&amp#27;[0m &amp#27;[32m&amp#27;[1mAnd &amp#27;[22mI navigate to Account Registration page&amp#27;[0m                                   &amp#27;[90m# com.tutorialsninja.automation.stepdef.Register.i_navigate_to_Account_Registration_page()&amp#27;[0m
  &amp#27;[32m✔&amp#27;[0m &amp#27;[32m&amp#27;[1mWhen &amp#27;[22mI provide all the below valid details with an existing email&amp#27;[0m             &amp#27;[90m# com.tutorialsninja.automation.stepdef.Register.iProvideAllTheBelowValidDetailsWithAnExistingEmail()&amp#27;[0m
  &amp#27;[32m✔&amp#27;[0m &amp#27;[32m&amp#27;[1mAnd &amp#27;[22mI select the Privacy Policy&amp#27;[0m                                               &amp#27;[90m# com.tutorialsninja.automation.stepdef.Register.i_select_the_Privacy_Policy()&amp#27;[0m
  &amp#27;[32m✔&amp#27;[0m &amp#27;[32m&amp#27;[1mAnd &amp#27;[22mI click on Continue Button&amp#27;[0m                                                &amp#27;[90m# com.tutorialsninja.automation.stepdef.Register.i_click_on_Continue_Button()&amp#27;[0m
  &amp#27;[32m✔&amp#27;[0m &amp#27;[32m&amp#27;[1mThen &amp#27;[22mI should see that the User is restricted from creating duplicate account&amp#27;[0m &amp#27;[90m# com.tutorialsninja.automation.stepdef.Register.i_should_see_that_the_user_is_restricted_from_creating_duplicate_account()&amp#27;[0m
]]></system-out>
  </testcase>
  <testcase name="Verify whether the User is able to search for the products" classname="Search functionality scenarios" time="8.326">
    <system-out><![CDATA[
@Search @One
&amp#27;[1mScenario:&amp#27;[22m Verify whether the User is able to search for the products &amp#27;[90m# classpath:FeatureFiles//Search.feature:4&amp#27;[0m
  &amp#27;[32m✔&amp#27;[0m &amp#27;[32m&amp#27;[1mGiven &amp#27;[22mI launch the application&amp#27;[0m                                   &amp#27;[90m# com.tutorialsninja.automation.stepdef.Register.i_launch_the_application()&amp#27;[0m
  &amp#27;[32m✔&amp#27;[0m &amp#27;[32m&amp#27;[1mWhen &amp#27;[22mI search for a product&amp#27;[0m                                      &amp#27;[90m# com.tutorialsninja.automation.stepdef.Search.i_search_for_a_product()&amp#27;[0m
  &amp#27;[32m✔&amp#27;[0m &amp#27;[32m&amp#27;[1mThen &amp#27;[22mI should see the product in the search results&amp#27;[0m              &amp#27;[90m# com.tutorialsninja.automation.stepdef.Search.i_should_see_the_product_in_the_search_results()&amp#27;[0m
]]></system-out>
  </testcase>
  <testcase name="Verify whether the User is informed when the product being searched is not available" classname="Search functionality scenarios" time="7.885">
    <system-out><![CDATA[
@Search @Two
&amp#27;[1mScenario:&amp#27;[22m Verify whether the User is informed when the product being searched is not available &amp#27;[90m# classpath:FeatureFiles//Search.feature:10&amp#27;[0m
  &amp#27;[32m✔&amp#27;[0m &amp#27;[32m&amp#27;[1mGiven &amp#27;[22mI launch the application&amp#27;[0m                                                             &amp#27;[90m# com.tutorialsninja.automation.stepdef.Register.i_launch_the_application()&amp#27;[0m
  &amp#27;[32m✔&amp#27;[0m &amp#27;[32m&amp#27;[1mWhen &amp#27;[22mI search for a product missing&amp#27;[0m                                                        &amp#27;[90m# com.tutorialsninja.automation.stepdef.Search.iSearchForAProductMissing()&amp#27;[0m
  &amp#27;[32m✔&amp#27;[0m &amp#27;[32m&amp#27;[1mThen &amp#27;[22mI should see the page displaying the message&amp#27;[0m                                          &amp#27;[90m# com.tutorialsninja.automation.stepdef.Search.i_should_see_the_page_displaying_the_message()&amp#27;[0m
]]></system-out>
  </testcase>
</testsuite>