{"uuid":"4d933066-76eb-4c05-a23d-91eee308287d","historyId":"f0934fee3e111d34ebec43a4d41e2d6c","testCaseId":"cc03dffbd4f8030fe210d58b483d13b3","fullName":"FeatureFiles//Login.feature:20","labels":[{"name":"tag","value":"Login"},{"name":"tag","value":"Three"},{"name":"host","value":"Thiagi"},{"name":"thread","value":"41452@Thiagi.main(1)"},{"name":"feature","value":"Login functionality scenarios"},{"name":"story","value":"Verify whether the User is not able login without providing credentials"},{"name":"suite","value":"Login functionality scenarios"},{"name":"testClass","value":"Verify whether the User is not able login without providing credentials"},{"name":"framework","value":"cucumber4jvm"},{"name":"language","value":"java"},{"name":"gherkin_uri","value":"classpath:FeatureFiles//Login.feature"},{"name":"package","value":"FeatureFiles.Login_feature.Login functionality scenarios"}],"links":[],"name":"Verify whether the User is not able login without providing credentials","status":"broken","statusDetails":{"known":false,"muted":false,"flaky":false,"message":"Condition not met after 30 seconds: com.tutorialsninja.automation.framework.Elements$$Lambda/0x000001a926407bf8@7ab4ae59","trace":"org.openqa.selenium.TimeoutException: Condition not met after 30 seconds: com.tutorialsninja.automation.framework.Elements$$Lambda/0x000001a926407bf8@7ab4ae59\r\n\tat com.tutorialsninja.automation.framework.Waits.waitUntil(Waits.java:65)\r\n\tat com.tutorialsninja.automation.framework.Elements.click(Elements.java:141)\r\n\tat com.tutorialsninja.automation.pages.HeadersSectionPage.myAccountLinkClick(HeadersSectionPage.java:39)\r\n\tat com.tutorialsninja.automation.pages.HeadersSectionPage.MyAccountToLogin(HeadersSectionPage.java:48)\r\n\tat com.tutorialsninja.automation.stepdef.Login.i_navigate_to_account_login_page(Login.java:23)\r\n\tat ✽.I navigate to Account Login page(classpath:FeatureFiles//Login.feature:22)\r\nCaused by: org.openqa.selenium.TimeoutException: Expected condition failed: waiting for com.tutorialsninja.automation.framework.Waits$$Lambda/0x000001a926408b30@4f0cab0a (tried for 30 second(s) with 500 milliseconds interval)\nBuild info: version: '4.34.0', revision: '707dcb4246*'\nSystem info: os.name: 'Windows 11', os.arch: 'amd64', os.version: '10.0', java.version: '21.0.7'\nDriver info: org.openqa.selenium.chrome.ChromeDriver\nCapabilities {acceptInsecureCerts: false, browserName: chrome, browserVersion: 142.0.7444.60, chrome: {chromedriverVersion: 142.0.7444.61 (9884f628acbc..., userDataDir: C:\\Users\\Thiag\\AppData\\Loca...}, fedcm:accounts: true, goog:chromeOptions: {debuggerAddress: localhost:52721}, goog:processID: 56308, networkConnectionEnabled: false, pageLoadStrategy: normal, platformName: windows, proxy: Proxy(), se:cdp: ws://localhost:52721/devtoo..., se:cdpVersion: 142.0.7444.60, setWindowRect: true, strictFileInteractability: false, timeouts: {implicit: 0, pageLoad: 300000, script: 30000}, unhandledPromptBehavior: dismiss and notify, webauthn:extension:credBlob: true, webauthn:extension:largeBlob: true, webauthn:extension:minPinLength: true, webauthn:extension:prf: true, webauthn:virtualAuthenticators: true}\nSession ID: 8e02f4c6c52dc2e3a34ce0210f1ebc08\r\n\tat org.openqa.selenium.support.ui.WebDriverWait.timeoutException(WebDriverWait.java:84)\r\n\tat org.openqa.selenium.support.ui.FluentWait.until(FluentWait.java:228)\r\n\tat com.tutorialsninja.automation.framework.Waits.waitUntil(Waits.java:62)\r\n\t... 5 more\r\n"},"stage":"finished","steps":[{"name":"Given I launch the application","status":"passed","statusDetails":{"known":false,"muted":false,"flaky":false},"stage":"finished","steps":[],"attachments":[],"parameters":[],"start":1762408799392,"stop":1762408804315},{"name":"And I navigate to Account Login page","status":"broken","statusDetails":{"known":false,"muted":false,"flaky":false,"message":"Condition not met after 30 seconds: com.tutorialsninja.automation.framework.Elements$$Lambda/0x000001a926407bf8@7ab4ae59","trace":"org.openqa.selenium.TimeoutException: Condition not met after 30 seconds: com.tutorialsninja.automation.framework.Elements$$Lambda/0x000001a926407bf8@7ab4ae59\r\n\tat com.tutorialsninja.automation.framework.Waits.waitUntil(Waits.java:65)\r\n\tat com.tutorialsninja.automation.framework.Elements.click(Elements.java:141)\r\n\tat com.tutorialsninja.automation.pages.HeadersSectionPage.myAccountLinkClick(HeadersSectionPage.java:39)\r\n\tat com.tutorialsninja.automation.pages.HeadersSectionPage.MyAccountToLogin(HeadersSectionPage.java:48)\r\n\tat com.tutorialsninja.automation.stepdef.Login.i_navigate_to_account_login_page(Login.java:23)\r\n\tat ✽.I navigate to Account Login page(classpath:FeatureFiles//Login.feature:22)\r\nCaused by: org.openqa.selenium.TimeoutException: Expected condition failed: waiting for com.tutorialsninja.automation.framework.Waits$$Lambda/0x000001a926408b30@4f0cab0a (tried for 30 second(s) with 500 milliseconds interval)\nBuild info: version: '4.34.0', revision: '707dcb4246*'\nSystem info: os.name: 'Windows 11', os.arch: 'amd64', os.version: '10.0', java.version: '21.0.7'\nDriver info: org.openqa.selenium.chrome.ChromeDriver\nCapabilities {acceptInsecureCerts: false, browserName: chrome, browserVersion: 142.0.7444.60, chrome: {chromedriverVersion: 142.0.7444.61 (9884f628acbc..., userDataDir: C:\\Users\\Thiag\\AppData\\Loca...}, fedcm:accounts: true, goog:chromeOptions: {debuggerAddress: localhost:52721}, goog:processID: 56308, networkConnectionEnabled: false, pageLoadStrategy: normal, platformName: windows, proxy: Proxy(), se:cdp: ws://localhost:52721/devtoo..., se:cdpVersion: 142.0.7444.60, setWindowRect: true, strictFileInteractability: false, timeouts: {implicit: 0, pageLoad: 300000, script: 30000}, unhandledPromptBehavior: dismiss and notify, webauthn:extension:credBlob: true, webauthn:extension:largeBlob: true, webauthn:extension:minPinLength: true, webauthn:extension:prf: true, webauthn:virtualAuthenticators: true}\nSession ID: 8e02f4c6c52dc2e3a34ce0210f1ebc08\r\n\tat org.openqa.selenium.support.ui.WebDriverWait.timeoutException(WebDriverWait.java:84)\r\n\tat org.openqa.selenium.support.ui.FluentWait.until(FluentWait.java:228)\r\n\tat com.tutorialsninja.automation.framework.Waits.waitUntil(Waits.java:62)\r\n\t... 5 more\r\n"},"stage":"finished","steps":[],"attachments":[],"parameters":[],"start":1762408804315,"stop":1762408834367},{"name":"When I enter Username empty and Password empty","status":"skipped","statusDetails":{"known":false,"muted":false,"flaky":false},"stage":"finished","steps":[],"attachments":[],"parameters":[],"start":1762408834368,"stop":1762408834369},{"name":"And I click on Login button","status":"skipped","statusDetails":{"known":false,"muted":false,"flaky":false},"stage":"finished","steps":[],"attachments":[],"parameters":[],"start":1762408834369,"stop":1762408834369},{"name":"Then I should see an error message that the credentials are invalid","status":"skipped","statusDetails":{"known":false,"muted":false,"flaky":false},"stage":"finished","steps":[],"attachments":[],"parameters":[],"start":1762408834369,"stop":1762408834370}],"attachments":[],"parameters":[],"start":1762408798372,"stop":1762408834802}