{"uuid":"de53c20c-55ca-40cc-873d-e832be2acf04","historyId":"e95251c2f45651d5c2a703bcf7cbc822","testCaseId":"373d2fbdcb4698621f2197b7ca092808","fullName":"FeatureFiles//Login.feature:4","labels":[{"name":"tag","value":"Login"},{"name":"tag","value":"One"},{"name":"host","value":"Thiagi"},{"name":"thread","value":"33688@Thiagi.main(1)"},{"name":"feature","value":"Login functionality scenarios"},{"name":"story","value":"Verify whether the User is able to login with valid credentials"},{"name":"suite","value":"Login functionality scenarios"},{"name":"testClass","value":"Verify whether the User is able to login with valid credentials"},{"name":"framework","value":"cucumber4jvm"},{"name":"language","value":"java"},{"name":"gherkin_uri","value":"classpath:FeatureFiles//Login.feature"},{"name":"package","value":"FeatureFiles.Login_feature.Login functionality scenarios"}],"links":[],"name":"Verify whether the User is able to login with valid credentials","status":"broken","statusDetails":{"known":false,"muted":false,"flaky":false,"message":"Condition not met after 30 seconds: com.tutorialsninja.automation.framework.Elements$$Lambda/0x000001e981409330@28babeca","trace":"org.openqa.selenium.TimeoutException: Condition not met after 30 seconds: com.tutorialsninja.automation.framework.Elements$$Lambda/0x000001e981409330@28babeca\r\n\tat com.tutorialsninja.automation.framework.Waits.waitUntil(Waits.java:65)\r\n\tat com.tutorialsninja.automation.framework.Elements.click(Elements.java:141)\r\n\tat com.tutorialsninja.automation.pages.HeadersSectionPage.myAccountLinkClick(HeadersSectionPage.java:39)\r\n\tat com.tutorialsninja.automation.pages.HeadersSectionPage.MyAccountToLogin(HeadersSectionPage.java:48)\r\n\tat com.tutorialsninja.automation.stepdef.Login.i_navigate_to_account_login_page(Login.java:23)\r\n\tat ✽.I navigate to Account Login page(classpath:FeatureFiles//Login.feature:6)\r\nCaused by: org.openqa.selenium.TimeoutException: Expected condition failed: waiting for com.tutorialsninja.automation.framework.Waits$$Lambda/0x000001e98140a650@5d05f453 (tried for 30 second(s) with 500 milliseconds interval)\nBuild info: version: '4.38.0', revision: '6b412e825c*'\nSystem info: os.name: 'Windows 11', os.arch: 'amd64', os.version: '10.0', java.version: '21.0.7'\nDriver info: org.openqa.selenium.chrome.ChromeDriver\nCapabilities {acceptInsecureCerts: false, browserName: chrome, browserVersion: 142.0.7444.60, chrome: {chromedriverVersion: 142.0.7444.61 (9884f628acbc..., userDataDir: C:\\Users\\Thiag\\AppData\\Loca...}, fedcm:accounts: true, goog:chromeOptions: {debuggerAddress: localhost:52314}, goog:processID: 43564, networkConnectionEnabled: false, pageLoadStrategy: normal, platformName: windows, proxy: Proxy(), se:cdp: ws://localhost:52314/devtoo..., se:cdpVersion: 142.0.7444.60, setWindowRect: true, strictFileInteractability: false, timeouts: {implicit: 0, pageLoad: 300000, script: 30000}, unhandledPromptBehavior: dismiss and notify, webauthn:extension:credBlob: true, webauthn:extension:largeBlob: true, webauthn:extension:minPinLength: true, webauthn:extension:prf: true, webauthn:virtualAuthenticators: true}\nSession ID: 06a2dac575e606bddf6f3055a38ac861\r\n\tat org.openqa.selenium.support.ui.WebDriverWait.timeoutException(WebDriverWait.java:84)\r\n\tat org.openqa.selenium.support.ui.FluentWait.until(FluentWait.java:228)\r\n\tat com.tutorialsninja.automation.framework.Waits.waitUntil(Waits.java:62)\r\n\t... 5 more\r\n"},"stage":"finished","steps":[{"name":"Given I launch the application","status":"passed","statusDetails":{"known":false,"muted":false,"flaky":false},"stage":"finished","steps":[],"attachments":[],"parameters":[],"start":1762573902563,"stop":1762573909337},{"name":"And I navigate to Account Login page","status":"broken","statusDetails":{"known":false,"muted":false,"flaky":false,"message":"Condition not met after 30 seconds: com.tutorialsninja.automation.framework.Elements$$Lambda/0x000001e981409330@28babeca","trace":"org.openqa.selenium.TimeoutException: Condition not met after 30 seconds: com.tutorialsninja.automation.framework.Elements$$Lambda/0x000001e981409330@28babeca\r\n\tat com.tutorialsninja.automation.framework.Waits.waitUntil(Waits.java:65)\r\n\tat com.tutorialsninja.automation.framework.Elements.click(Elements.java:141)\r\n\tat com.tutorialsninja.automation.pages.HeadersSectionPage.myAccountLinkClick(HeadersSectionPage.java:39)\r\n\tat com.tutorialsninja.automation.pages.HeadersSectionPage.MyAccountToLogin(HeadersSectionPage.java:48)\r\n\tat com.tutorialsninja.automation.stepdef.Login.i_navigate_to_account_login_page(Login.java:23)\r\n\tat ✽.I navigate to Account Login page(classpath:FeatureFiles//Login.feature:6)\r\nCaused by: org.openqa.selenium.TimeoutException: Expected condition failed: waiting for com.tutorialsninja.automation.framework.Waits$$Lambda/0x000001e98140a650@5d05f453 (tried for 30 second(s) with 500 milliseconds interval)\nBuild info: version: '4.38.0', revision: '6b412e825c*'\nSystem info: os.name: 'Windows 11', os.arch: 'amd64', os.version: '10.0', java.version: '21.0.7'\nDriver info: org.openqa.selenium.chrome.ChromeDriver\nCapabilities {acceptInsecureCerts: false, browserName: chrome, browserVersion: 142.0.7444.60, chrome: {chromedriverVersion: 142.0.7444.61 (9884f628acbc..., userDataDir: C:\\Users\\Thiag\\AppData\\Loca...}, fedcm:accounts: true, goog:chromeOptions: {debuggerAddress: localhost:52314}, goog:processID: 43564, networkConnectionEnabled: false, pageLoadStrategy: normal, platformName: windows, proxy: Proxy(), se:cdp: ws://localhost:52314/devtoo..., se:cdpVersion: 142.0.7444.60, setWindowRect: true, strictFileInteractability: false, timeouts: {implicit: 0, pageLoad: 300000, script: 30000}, unhandledPromptBehavior: dismiss and notify, webauthn:extension:credBlob: true, webauthn:extension:largeBlob: true, webauthn:extension:minPinLength: true, webauthn:extension:prf: true, webauthn:virtualAuthenticators: true}\nSession ID: 06a2dac575e606bddf6f3055a38ac861\r\n\tat org.openqa.selenium.support.ui.WebDriverWait.timeoutException(WebDriverWait.java:84)\r\n\tat org.openqa.selenium.support.ui.FluentWait.until(FluentWait.java:228)\r\n\tat com.tutorialsninja.automation.framework.Waits.waitUntil(Waits.java:62)\r\n\t... 5 more\r\n"},"stage":"finished","steps":[],"attachments":[],"parameters":[],"start":1762573909342,"stop":1762573939435},{"name":"When I enter email and Password","status":"skipped","statusDetails":{"known":false,"muted":false,"flaky":false},"stage":"finished","steps":[],"attachments":[],"parameters":[],"start":1762573939437,"stop":1762573939438},{"name":"And I click on Login button","status":"skipped","statusDetails":{"known":false,"muted":false,"flaky":false},"stage":"finished","steps":[],"attachments":[],"parameters":[],"start":1762573939438,"stop":1762573939438},{"name":"Then I should be able login successfully","status":"skipped","statusDetails":{"known":false,"muted":false,"flaky":false},"stage":"finished","steps":[],"attachments":[],"parameters":[],"start":1762573939439,"stop":1762573939439}],"attachments":[],"parameters":[],"start":1762573898505,"stop":1762573939864}