{"uuid":"fff605d1-9799-496a-8d61-cbee43a50968","historyId":"726833e48a4e5a3e22acbd7fb001afed","testCaseId":"86210142a673fd7d8770023a4a2abd47","fullName":"FeatureFiles//Register.feature:31","labels":[{"name":"tag","value":"Register"},{"name":"tag","value":"Four"},{"name":"host","value":"Thiagi"},{"name":"thread","value":"30648@Thiagi.main(1)"},{"name":"feature","value":"Registration functionality scenarios"},{"name":"story","value":"Verify whether the user is restricted from creating a duplicate account"},{"name":"suite","value":"Registration functionality scenarios"},{"name":"testClass","value":"Verify whether the user is restricted from creating a duplicate account"},{"name":"framework","value":"cucumber4jvm"},{"name":"language","value":"java"},{"name":"gherkin_uri","value":"classpath:FeatureFiles//Register.feature"},{"name":"package","value":"FeatureFiles.Register_feature.Registration functionality scenarios"}],"links":[],"name":"Verify whether the user is restricted from creating a duplicate account","status":"broken","statusDetails":{"known":false,"muted":false,"flaky":false,"message":"Condition not met after 30 seconds: com.tutorialsninja.automation.framework.Elements$$Lambda/0x0000019f7238c200@54a5eff","trace":"org.openqa.selenium.TimeoutException: Condition not met after 30 seconds: com.tutorialsninja.automation.framework.Elements$$Lambda/0x0000019f7238c200@54a5eff\r\n\tat com.tutorialsninja.automation.framework.Waits.waitUntil(Waits.java:65)\r\n\tat com.tutorialsninja.automation.framework.Elements.click(Elements.java:141)\r\n\tat com.tutorialsninja.automation.pages.HeadersSectionPage.myAccountLinkClick(HeadersSectionPage.java:39)\r\n\tat com.tutorialsninja.automation.pages.HeadersSectionPage.myAccountToRegister(HeadersSectionPage.java:43)\r\n\tat com.tutorialsninja.automation.stepdef.Register.i_navigate_to_Account_Registration_page(Register.java:59)\r\n\tat ✽.I navigate to Account Registration page(classpath:FeatureFiles//Register.feature:33)\r\nCaused by: org.openqa.selenium.TimeoutException: Expected condition failed: waiting for com.tutorialsninja.automation.framework.Waits$$Lambda/0x0000019f7238c860@73973e77 (tried for 30 second(s) with 500 milliseconds interval)\nBuild info: version: '4.38.0', revision: '6b412e825c*'\nSystem info: os.name: 'Windows 11', os.arch: 'amd64', os.version: '10.0', java.version: '21.0.7'\nDriver info: org.openqa.selenium.chrome.ChromeDriver\nCapabilities {acceptInsecureCerts: false, browserName: chrome, browserVersion: 142.0.7444.60, chrome: {chromedriverVersion: 142.0.7444.61 (9884f628acbc..., userDataDir: C:\\Users\\Thiag\\AppData\\Loca...}, fedcm:accounts: true, goog:chromeOptions: {debuggerAddress: localhost:60042}, goog:processID: 54692, networkConnectionEnabled: false, pageLoadStrategy: normal, platformName: windows, proxy: Proxy(), se:cdp: ws://localhost:60042/devtoo..., se:cdpVersion: 142.0.7444.60, setWindowRect: true, strictFileInteractability: false, timeouts: {implicit: 0, pageLoad: 300000, script: 30000}, unhandledPromptBehavior: dismiss and notify, webauthn:extension:credBlob: true, webauthn:extension:largeBlob: true, webauthn:extension:minPinLength: true, webauthn:extension:prf: true, webauthn:virtualAuthenticators: true}\nSession ID: d59c45bd8d19788d2408d28a49807de5\r\n\tat org.openqa.selenium.support.ui.WebDriverWait.timeoutException(WebDriverWait.java:84)\r\n\tat org.openqa.selenium.support.ui.FluentWait.until(FluentWait.java:228)\r\n\tat com.tutorialsninja.automation.framework.Waits.waitUntil(Waits.java:62)\r\n\t... 5 more\r\n"},"stage":"finished","steps":[{"name":"Given I launch the application","status":"passed","statusDetails":{"known":false,"muted":false,"flaky":false},"stage":"finished","steps":[],"attachments":[],"parameters":[],"start":1762575010637,"stop":1762575020082},{"name":"And I navigate to Account Registration page","status":"broken","statusDetails":{"known":false,"muted":false,"flaky":false,"message":"Condition not met after 30 seconds: com.tutorialsninja.automation.framework.Elements$$Lambda/0x0000019f7238c200@54a5eff","trace":"org.openqa.selenium.TimeoutException: Condition not met after 30 seconds: com.tutorialsninja.automation.framework.Elements$$Lambda/0x0000019f7238c200@54a5eff\r\n\tat com.tutorialsninja.automation.framework.Waits.waitUntil(Waits.java:65)\r\n\tat com.tutorialsninja.automation.framework.Elements.click(Elements.java:141)\r\n\tat com.tutorialsninja.automation.pages.HeadersSectionPage.myAccountLinkClick(HeadersSectionPage.java:39)\r\n\tat com.tutorialsninja.automation.pages.HeadersSectionPage.myAccountToRegister(HeadersSectionPage.java:43)\r\n\tat com.tutorialsninja.automation.stepdef.Register.i_navigate_to_Account_Registration_page(Register.java:59)\r\n\tat ✽.I navigate to Account Registration page(classpath:FeatureFiles//Register.feature:33)\r\nCaused by: org.openqa.selenium.TimeoutException: Expected condition failed: waiting for com.tutorialsninja.automation.framework.Waits$$Lambda/0x0000019f7238c860@73973e77 (tried for 30 second(s) with 500 milliseconds interval)\nBuild info: version: '4.38.0', revision: '6b412e825c*'\nSystem info: os.name: 'Windows 11', os.arch: 'amd64', os.version: '10.0', java.version: '21.0.7'\nDriver info: org.openqa.selenium.chrome.ChromeDriver\nCapabilities {acceptInsecureCerts: false, browserName: chrome, browserVersion: 142.0.7444.60, chrome: {chromedriverVersion: 142.0.7444.61 (9884f628acbc..., userDataDir: C:\\Users\\Thiag\\AppData\\Loca...}, fedcm:accounts: true, goog:chromeOptions: {debuggerAddress: localhost:60042}, goog:processID: 54692, networkConnectionEnabled: false, pageLoadStrategy: normal, platformName: windows, proxy: Proxy(), se:cdp: ws://localhost:60042/devtoo..., se:cdpVersion: 142.0.7444.60, setWindowRect: true, strictFileInteractability: false, timeouts: {implicit: 0, pageLoad: 300000, script: 30000}, unhandledPromptBehavior: dismiss and notify, webauthn:extension:credBlob: true, webauthn:extension:largeBlob: true, webauthn:extension:minPinLength: true, webauthn:extension:prf: true, webauthn:virtualAuthenticators: true}\nSession ID: d59c45bd8d19788d2408d28a49807de5\r\n\tat org.openqa.selenium.support.ui.WebDriverWait.timeoutException(WebDriverWait.java:84)\r\n\tat org.openqa.selenium.support.ui.FluentWait.until(FluentWait.java:228)\r\n\tat com.tutorialsninja.automation.framework.Waits.waitUntil(Waits.java:62)\r\n\t... 5 more\r\n"},"stage":"finished","steps":[],"attachments":[],"parameters":[],"start":1762575020082,"stop":1762575050603},{"name":"When I provide all the below valid details with an existing email","status":"skipped","statusDetails":{"known":false,"muted":false,"flaky":false},"stage":"finished","steps":[],"attachments":[],"parameters":[],"start":1762575050605,"stop":1762575050605},{"name":"And I select the Privacy Policy","status":"skipped","statusDetails":{"known":false,"muted":false,"flaky":false},"stage":"finished","steps":[],"attachments":[],"parameters":[],"start":1762575050605,"stop":1762575050605},{"name":"And I click on Continue Button","status":"skipped","statusDetails":{"known":false,"muted":false,"flaky":false},"stage":"finished","steps":[],"attachments":[],"parameters":[],"start":1762575050606,"stop":1762575050606},{"name":"Then I should see that the User is restricted from creating duplicate account","status":"skipped","statusDetails":{"known":false,"muted":false,"flaky":false},"stage":"finished","steps":[],"attachments":[],"parameters":[],"start":1762575050606,"stop":1762575050606}],"attachments":[],"parameters":[],"start":1762575009761,"stop":1762575050976}