{"uid":"21da0cd29645ae27","name":"Verify whether the User is able to reset the forgotten password","fullName":"FeatureFiles//Login.feature:28","historyId":"cbdfd548433025f43cd156e5ca390fd","time":{"start":1762574530784,"stop":1762574565590,"duration":34806},"status":"broken","statusMessage":"Condition not met after 30 seconds: com.tutorialsninja.automation.framework.Elements$$Lambda/0x000001526e38dbf8@6568f998","statusTrace":"org.openqa.selenium.TimeoutException: Condition not met after 30 seconds: com.tutorialsninja.automation.framework.Elements$$Lambda/0x000001526e38dbf8@6568f998\r\n\tat com.tutorialsninja.automation.framework.Waits.waitUntil(Waits.java:65)\r\n\tat com.tutorialsninja.automation.framework.Elements.click(Elements.java:141)\r\n\tat com.tutorialsninja.automation.pages.HeadersSectionPage.myAccountLinkClick(HeadersSectionPage.java:39)\r\n\tat com.tutorialsninja.automation.pages.HeadersSectionPage.MyAccountToLogin(HeadersSectionPage.java:48)\r\n\tat com.tutorialsninja.automation.stepdef.Login.i_navigate_to_account_login_page(Login.java:23)\r\n\tat ✽.I navigate to Account Login page(classpath:FeatureFiles//Login.feature:30)\r\nCaused by: org.openqa.selenium.TimeoutException: Expected condition failed: waiting for com.tutorialsninja.automation.framework.Waits$$Lambda/0x000001526e38e258@69f080ad (tried for 30 second(s) with 500 milliseconds interval)\nBuild info: version: '4.38.0', revision: '6b412e825c*'\nSystem info: os.name: 'Windows 11', os.arch: 'amd64', os.version: '10.0', java.version: '21.0.7'\nDriver info: org.openqa.selenium.chrome.ChromeDriver\nCapabilities {acceptInsecureCerts: false, browserName: chrome, browserVersion: 142.0.7444.60, chrome: {chromedriverVersion: 142.0.7444.61 (9884f628acbc..., userDataDir: C:\\Users\\Thiag\\AppData\\Loca...}, fedcm:accounts: true, goog:chromeOptions: {debuggerAddress: localhost:56181}, goog:processID: 47472, networkConnectionEnabled: false, pageLoadStrategy: normal, platformName: windows, proxy: Proxy(), se:cdp: ws://localhost:56181/devtoo..., se:cdpVersion: 142.0.7444.60, setWindowRect: true, strictFileInteractability: false, timeouts: {implicit: 0, pageLoad: 300000, script: 30000}, unhandledPromptBehavior: dismiss and notify, webauthn:extension:credBlob: true, webauthn:extension:largeBlob: true, webauthn:extension:minPinLength: true, webauthn:extension:prf: true, webauthn:virtualAuthenticators: true}\nSession ID: c7c3d04ecaf5ed968380da270f3c5c57\r\n\tat org.openqa.selenium.support.ui.WebDriverWait.timeoutException(WebDriverWait.java:84)\r\n\tat org.openqa.selenium.support.ui.FluentWait.until(FluentWait.java:228)\r\n\tat com.tutorialsninja.automation.framework.Waits.waitUntil(Waits.java:62)\r\n\t... 5 more\r\n","flaky":false,"newFailed":false,"newBroken":false,"newPassed":false,"retriesCount":0,"retriesStatusChange":false,"beforeStages":[{"name":"com.tutorialsninja.automation.stepdef.Hooks.setUp(io.cucumber.java.Scenario)","time":{"start":1762574530784,"stop":1762574531642,"duration":858},"status":"passed","steps":[],"attachments":[],"parameters":[],"shouldDisplayMessage":false,"stepsCount":0,"attachmentsCount":0,"hasContent":false,"attachmentStep":false}],"testStage":{"status":"broken","statusMessage":"Condition not met after 30 seconds: com.tutorialsninja.automation.framework.Elements$$Lambda/0x000001526e38dbf8@6568f998","statusTrace":"org.openqa.selenium.TimeoutException: Condition not met after 30 seconds: com.tutorialsninja.automation.framework.Elements$$Lambda/0x000001526e38dbf8@6568f998\r\n\tat com.tutorialsninja.automation.framework.Waits.waitUntil(Waits.java:65)\r\n\tat com.tutorialsninja.automation.framework.Elements.click(Elements.java:141)\r\n\tat com.tutorialsninja.automation.pages.HeadersSectionPage.myAccountLinkClick(HeadersSectionPage.java:39)\r\n\tat com.tutorialsninja.automation.pages.HeadersSectionPage.MyAccountToLogin(HeadersSectionPage.java:48)\r\n\tat com.tutorialsninja.automation.stepdef.Login.i_navigate_to_account_login_page(Login.java:23)\r\n\tat ✽.I navigate to Account Login page(classpath:FeatureFiles//Login.feature:30)\r\nCaused by: org.openqa.selenium.TimeoutException: Expected condition failed: waiting for com.tutorialsninja.automation.framework.Waits$$Lambda/0x000001526e38e258@69f080ad (tried for 30 second(s) with 500 milliseconds interval)\nBuild info: version: '4.38.0', revision: '6b412e825c*'\nSystem info: os.name: 'Windows 11', os.arch: 'amd64', os.version: '10.0', java.version: '21.0.7'\nDriver info: org.openqa.selenium.chrome.ChromeDriver\nCapabilities {acceptInsecureCerts: false, browserName: chrome, browserVersion: 142.0.7444.60, chrome: {chromedriverVersion: 142.0.7444.61 (9884f628acbc..., userDataDir: C:\\Users\\Thiag\\AppData\\Loca...}, fedcm:accounts: true, goog:chromeOptions: {debuggerAddress: localhost:56181}, goog:processID: 47472, networkConnectionEnabled: false, pageLoadStrategy: normal, platformName: windows, proxy: Proxy(), se:cdp: ws://localhost:56181/devtoo..., se:cdpVersion: 142.0.7444.60, setWindowRect: true, strictFileInteractability: false, timeouts: {implicit: 0, pageLoad: 300000, script: 30000}, unhandledPromptBehavior: dismiss and notify, webauthn:extension:credBlob: true, webauthn:extension:largeBlob: true, webauthn:extension:minPinLength: true, webauthn:extension:prf: true, webauthn:virtualAuthenticators: true}\nSession ID: c7c3d04ecaf5ed968380da270f3c5c57\r\n\tat org.openqa.selenium.support.ui.WebDriverWait.timeoutException(WebDriverWait.java:84)\r\n\tat org.openqa.selenium.support.ui.FluentWait.until(FluentWait.java:228)\r\n\tat com.tutorialsninja.automation.framework.Waits.waitUntil(Waits.java:62)\r\n\t... 5 more\r\n","steps":[{"name":"Given I launch the application","time":{"start":1762574531643,"stop":1762574534847,"duration":3204},"status":"passed","steps":[],"attachments":[],"parameters":[],"shouldDisplayMessage":false,"stepsCount":0,"attachmentsCount":0,"hasContent":false,"attachmentStep":false},{"name":"And I navigate to Account Login page","time":{"start":1762574534848,"stop":1762574565274,"duration":30426},"status":"broken","statusMessage":"Condition not met after 30 seconds: com.tutorialsninja.automation.framework.Elements$$Lambda/0x000001526e38dbf8@6568f998","statusTrace":"org.openqa.selenium.TimeoutException: Condition not met after 30 seconds: com.tutorialsninja.automation.framework.Elements$$Lambda/0x000001526e38dbf8@6568f998\r\n\tat com.tutorialsninja.automation.framework.Waits.waitUntil(Waits.java:65)\r\n\tat com.tutorialsninja.automation.framework.Elements.click(Elements.java:141)\r\n\tat com.tutorialsninja.automation.pages.HeadersSectionPage.myAccountLinkClick(HeadersSectionPage.java:39)\r\n\tat com.tutorialsninja.automation.pages.HeadersSectionPage.MyAccountToLogin(HeadersSectionPage.java:48)\r\n\tat com.tutorialsninja.automation.stepdef.Login.i_navigate_to_account_login_page(Login.java:23)\r\n\tat ✽.I navigate to Account Login page(classpath:FeatureFiles//Login.feature:30)\r\nCaused by: org.openqa.selenium.TimeoutException: Expected condition failed: waiting for com.tutorialsninja.automation.framework.Waits$$Lambda/0x000001526e38e258@69f080ad (tried for 30 second(s) with 500 milliseconds interval)\nBuild info: version: '4.38.0', revision: '6b412e825c*'\nSystem info: os.name: 'Windows 11', os.arch: 'amd64', os.version: '10.0', java.version: '21.0.7'\nDriver info: org.openqa.selenium.chrome.ChromeDriver\nCapabilities {acceptInsecureCerts: false, browserName: chrome, browserVersion: 142.0.7444.60, chrome: {chromedriverVersion: 142.0.7444.61 (9884f628acbc..., userDataDir: C:\\Users\\Thiag\\AppData\\Loca...}, fedcm:accounts: true, goog:chromeOptions: {debuggerAddress: localhost:56181}, goog:processID: 47472, networkConnectionEnabled: false, pageLoadStrategy: normal, platformName: windows, proxy: Proxy(), se:cdp: ws://localhost:56181/devtoo..., se:cdpVersion: 142.0.7444.60, setWindowRect: true, strictFileInteractability: false, timeouts: {implicit: 0, pageLoad: 300000, script: 30000}, unhandledPromptBehavior: dismiss and notify, webauthn:extension:credBlob: true, webauthn:extension:largeBlob: true, webauthn:extension:minPinLength: true, webauthn:extension:prf: true, webauthn:virtualAuthenticators: true}\nSession ID: c7c3d04ecaf5ed968380da270f3c5c57\r\n\tat org.openqa.selenium.support.ui.WebDriverWait.timeoutException(WebDriverWait.java:84)\r\n\tat org.openqa.selenium.support.ui.FluentWait.until(FluentWait.java:228)\r\n\tat com.tutorialsninja.automation.framework.Waits.waitUntil(Waits.java:62)\r\n\t... 5 more\r\n","steps":[],"attachments":[],"parameters":[],"shouldDisplayMessage":true,"stepsCount":0,"attachmentsCount":0,"hasContent":true,"attachmentStep":false},{"name":"When I reset  the forgotten password for email","time":{"start":1762574565276,"stop":1762574565276,"duration":0},"status":"skipped","steps":[],"attachments":[],"parameters":[],"shouldDisplayMessage":false,"stepsCount":0,"attachmentsCount":0,"hasContent":false,"attachmentStep":false},{"name":"Then I should see a message informing the User that information related to resting password have been sent to email address","time":{"start":1762574565277,"stop":1762574565277,"duration":0},"status":"skipped","steps":[],"attachments":[],"parameters":[],"shouldDisplayMessage":false,"stepsCount":0,"attachmentsCount":0,"hasContent":false,"attachmentStep":false}],"attachments":[],"parameters":[],"shouldDisplayMessage":false,"stepsCount":4,"attachmentsCount":0,"hasContent":true,"attachmentStep":false},"afterStages":[{"name":"com.tutorialsninja.automation.stepdef.Hooks.closeBrowser(io.cucumber.java.Scenario)","time":{"start":1762574565277,"stop":1762574565588,"duration":311},"status":"passed","steps":[],"attachments":[{"uid":"2c6d57abedfbffdc","name":"Verify whether the User is able to reset the forgotten password","source":"2c6d57abedfbffdc.png","type":"image/png","size":1938}],"parameters":[],"shouldDisplayMessage":false,"stepsCount":0,"attachmentsCount":1,"hasContent":true,"attachmentStep":false}],"labels":[{"name":"tag","value":"Login"},{"name":"tag","value":"Four"},{"name":"host","value":"Thiagi"},{"name":"thread","value":"49428@Thiagi.main(1)"},{"name":"feature","value":"Login functionality scenarios"},{"name":"story","value":"Verify whether the User is able to reset the forgotten password"},{"name":"suite","value":"Login functionality scenarios"},{"name":"testClass","value":"Verify whether the User is able to reset the forgotten password"},{"name":"framework","value":"cucumber4jvm"},{"name":"language","value":"java"},{"name":"gherkin_uri","value":"classpath:FeatureFiles//Login.feature"},{"name":"package","value":"FeatureFiles.Login_feature.Login functionality scenarios"},{"name":"resultFormat","value":"allure2"}],"parameters":[],"links":[],"hidden":true,"retry":true,"extra":{"categories":[],"tags":["Four","Login"]},"source":"21da0cd29645ae27.json","parameterValues":[]}