{"uid":"f0a4bec28b7af4a9","name":"Verify whether the User is able to login with valid credentials","fullName":"FeatureFiles//Login.feature:4","historyId":"e95251c2f45651d5c2a703bcf7cbc822","time":{"start":1762574424942,"stop":1762574461646,"duration":36704},"status":"broken","statusMessage":"Condition not met after 30 seconds: com.tutorialsninja.automation.framework.Elements$$Lambda/0x000001526e38dbf8@5562c2c9","statusTrace":"org.openqa.selenium.TimeoutException: Condition not met after 30 seconds: com.tutorialsninja.automation.framework.Elements$$Lambda/0x000001526e38dbf8@5562c2c9\r\n\tat com.tutorialsninja.automation.framework.Waits.waitUntil(Waits.java:65)\r\n\tat com.tutorialsninja.automation.framework.Elements.click(Elements.java:141)\r\n\tat com.tutorialsninja.automation.pages.HeadersSectionPage.myAccountLinkClick(HeadersSectionPage.java:39)\r\n\tat com.tutorialsninja.automation.pages.HeadersSectionPage.MyAccountToLogin(HeadersSectionPage.java:48)\r\n\tat com.tutorialsninja.automation.stepdef.Login.i_navigate_to_account_login_page(Login.java:23)\r\n\tat ✽.I navigate to Account Login page(classpath:FeatureFiles//Login.feature:6)\r\nCaused by: org.openqa.selenium.TimeoutException: Expected condition failed: waiting for com.tutorialsninja.automation.framework.Waits$$Lambda/0x000001526e38e258@127705e4 (tried for 30 second(s) with 500 milliseconds interval)\nBuild info: version: '4.38.0', revision: '6b412e825c*'\nSystem info: os.name: 'Windows 11', os.arch: 'amd64', os.version: '10.0', java.version: '21.0.7'\nDriver info: org.openqa.selenium.chrome.ChromeDriver\nCapabilities {acceptInsecureCerts: false, browserName: chrome, browserVersion: 142.0.7444.60, chrome: {chromedriverVersion: 142.0.7444.61 (9884f628acbc..., userDataDir: C:\\Users\\Thiag\\AppData\\Loca...}, fedcm:accounts: true, goog:chromeOptions: {debuggerAddress: localhost:59713}, goog:processID: 50244, networkConnectionEnabled: false, pageLoadStrategy: normal, platformName: windows, proxy: Proxy(), se:cdp: ws://localhost:59713/devtoo..., se:cdpVersion: 142.0.7444.60, setWindowRect: true, strictFileInteractability: false, timeouts: {implicit: 0, pageLoad: 300000, script: 30000}, unhandledPromptBehavior: dismiss and notify, webauthn:extension:credBlob: true, webauthn:extension:largeBlob: true, webauthn:extension:minPinLength: true, webauthn:extension:prf: true, webauthn:virtualAuthenticators: true}\nSession ID: 2726a93ce65af54abaaf6b42d7dec432\r\n\tat org.openqa.selenium.support.ui.WebDriverWait.timeoutException(WebDriverWait.java:84)\r\n\tat org.openqa.selenium.support.ui.FluentWait.until(FluentWait.java:228)\r\n\tat com.tutorialsninja.automation.framework.Waits.waitUntil(Waits.java:62)\r\n\t... 5 more\r\n","flaky":false,"newFailed":false,"newBroken":false,"newPassed":false,"retriesCount":0,"retriesStatusChange":false,"beforeStages":[{"name":"com.tutorialsninja.automation.stepdef.Hooks.setUp(io.cucumber.java.Scenario)","time":{"start":1762574424965,"stop":1762574427099,"duration":2134},"status":"passed","steps":[],"attachments":[],"parameters":[],"shouldDisplayMessage":false,"stepsCount":0,"attachmentsCount":0,"hasContent":false,"attachmentStep":false}],"testStage":{"status":"broken","statusMessage":"Condition not met after 30 seconds: com.tutorialsninja.automation.framework.Elements$$Lambda/0x000001526e38dbf8@5562c2c9","statusTrace":"org.openqa.selenium.TimeoutException: Condition not met after 30 seconds: com.tutorialsninja.automation.framework.Elements$$Lambda/0x000001526e38dbf8@5562c2c9\r\n\tat com.tutorialsninja.automation.framework.Waits.waitUntil(Waits.java:65)\r\n\tat com.tutorialsninja.automation.framework.Elements.click(Elements.java:141)\r\n\tat com.tutorialsninja.automation.pages.HeadersSectionPage.myAccountLinkClick(HeadersSectionPage.java:39)\r\n\tat com.tutorialsninja.automation.pages.HeadersSectionPage.MyAccountToLogin(HeadersSectionPage.java:48)\r\n\tat com.tutorialsninja.automation.stepdef.Login.i_navigate_to_account_login_page(Login.java:23)\r\n\tat ✽.I navigate to Account Login page(classpath:FeatureFiles//Login.feature:6)\r\nCaused by: org.openqa.selenium.TimeoutException: Expected condition failed: waiting for com.tutorialsninja.automation.framework.Waits$$Lambda/0x000001526e38e258@127705e4 (tried for 30 second(s) with 500 milliseconds interval)\nBuild info: version: '4.38.0', revision: '6b412e825c*'\nSystem info: os.name: 'Windows 11', os.arch: 'amd64', os.version: '10.0', java.version: '21.0.7'\nDriver info: org.openqa.selenium.chrome.ChromeDriver\nCapabilities {acceptInsecureCerts: false, browserName: chrome, browserVersion: 142.0.7444.60, chrome: {chromedriverVersion: 142.0.7444.61 (9884f628acbc..., userDataDir: C:\\Users\\Thiag\\AppData\\Loca...}, fedcm:accounts: true, goog:chromeOptions: {debuggerAddress: localhost:59713}, goog:processID: 50244, networkConnectionEnabled: false, pageLoadStrategy: normal, platformName: windows, proxy: Proxy(), se:cdp: ws://localhost:59713/devtoo..., se:cdpVersion: 142.0.7444.60, setWindowRect: true, strictFileInteractability: false, timeouts: {implicit: 0, pageLoad: 300000, script: 30000}, unhandledPromptBehavior: dismiss and notify, webauthn:extension:credBlob: true, webauthn:extension:largeBlob: true, webauthn:extension:minPinLength: true, webauthn:extension:prf: true, webauthn:virtualAuthenticators: true}\nSession ID: 2726a93ce65af54abaaf6b42d7dec432\r\n\tat org.openqa.selenium.support.ui.WebDriverWait.timeoutException(WebDriverWait.java:84)\r\n\tat org.openqa.selenium.support.ui.FluentWait.until(FluentWait.java:228)\r\n\tat com.tutorialsninja.automation.framework.Waits.waitUntil(Waits.java:62)\r\n\t... 5 more\r\n","steps":[{"name":"Given I launch the application","time":{"start":1762574427202,"stop":1762574430739,"duration":3537},"status":"passed","steps":[],"attachments":[],"parameters":[],"shouldDisplayMessage":false,"stepsCount":0,"attachmentsCount":0,"hasContent":false,"attachmentStep":false},{"name":"And I navigate to Account Login page","time":{"start":1762574430744,"stop":1762574461287,"duration":30543},"status":"broken","statusMessage":"Condition not met after 30 seconds: com.tutorialsninja.automation.framework.Elements$$Lambda/0x000001526e38dbf8@5562c2c9","statusTrace":"org.openqa.selenium.TimeoutException: Condition not met after 30 seconds: com.tutorialsninja.automation.framework.Elements$$Lambda/0x000001526e38dbf8@5562c2c9\r\n\tat com.tutorialsninja.automation.framework.Waits.waitUntil(Waits.java:65)\r\n\tat com.tutorialsninja.automation.framework.Elements.click(Elements.java:141)\r\n\tat com.tutorialsninja.automation.pages.HeadersSectionPage.myAccountLinkClick(HeadersSectionPage.java:39)\r\n\tat com.tutorialsninja.automation.pages.HeadersSectionPage.MyAccountToLogin(HeadersSectionPage.java:48)\r\n\tat com.tutorialsninja.automation.stepdef.Login.i_navigate_to_account_login_page(Login.java:23)\r\n\tat ✽.I navigate to Account Login page(classpath:FeatureFiles//Login.feature:6)\r\nCaused by: org.openqa.selenium.TimeoutException: Expected condition failed: waiting for com.tutorialsninja.automation.framework.Waits$$Lambda/0x000001526e38e258@127705e4 (tried for 30 second(s) with 500 milliseconds interval)\nBuild info: version: '4.38.0', revision: '6b412e825c*'\nSystem info: os.name: 'Windows 11', os.arch: 'amd64', os.version: '10.0', java.version: '21.0.7'\nDriver info: org.openqa.selenium.chrome.ChromeDriver\nCapabilities {acceptInsecureCerts: false, browserName: chrome, browserVersion: 142.0.7444.60, chrome: {chromedriverVersion: 142.0.7444.61 (9884f628acbc..., userDataDir: C:\\Users\\Thiag\\AppData\\Loca...}, fedcm:accounts: true, goog:chromeOptions: {debuggerAddress: localhost:59713}, goog:processID: 50244, networkConnectionEnabled: false, pageLoadStrategy: normal, platformName: windows, proxy: Proxy(), se:cdp: ws://localhost:59713/devtoo..., se:cdpVersion: 142.0.7444.60, setWindowRect: true, strictFileInteractability: false, timeouts: {implicit: 0, pageLoad: 300000, script: 30000}, unhandledPromptBehavior: dismiss and notify, webauthn:extension:credBlob: true, webauthn:extension:largeBlob: true, webauthn:extension:minPinLength: true, webauthn:extension:prf: true, webauthn:virtualAuthenticators: true}\nSession ID: 2726a93ce65af54abaaf6b42d7dec432\r\n\tat org.openqa.selenium.support.ui.WebDriverWait.timeoutException(WebDriverWait.java:84)\r\n\tat org.openqa.selenium.support.ui.FluentWait.until(FluentWait.java:228)\r\n\tat com.tutorialsninja.automation.framework.Waits.waitUntil(Waits.java:62)\r\n\t... 5 more\r\n","steps":[],"attachments":[],"parameters":[],"shouldDisplayMessage":true,"stepsCount":0,"attachmentsCount":0,"hasContent":true,"attachmentStep":false},{"name":"When I enter email and Password","time":{"start":1762574461290,"stop":1762574461290,"duration":0},"status":"skipped","steps":[],"attachments":[],"parameters":[],"shouldDisplayMessage":false,"stepsCount":0,"attachmentsCount":0,"hasContent":false,"attachmentStep":false},{"name":"And I click on Login button","time":{"start":1762574461291,"stop":1762574461291,"duration":0},"status":"skipped","steps":[],"attachments":[],"parameters":[],"shouldDisplayMessage":false,"stepsCount":0,"attachmentsCount":0,"hasContent":false,"attachmentStep":false},{"name":"Then I should be able login successfully","time":{"start":1762574461291,"stop":1762574461291,"duration":0},"status":"skipped","steps":[],"attachments":[],"parameters":[],"shouldDisplayMessage":false,"stepsCount":0,"attachmentsCount":0,"hasContent":false,"attachmentStep":false}],"attachments":[],"parameters":[],"shouldDisplayMessage":false,"stepsCount":5,"attachmentsCount":0,"hasContent":true,"attachmentStep":false},"afterStages":[{"name":"com.tutorialsninja.automation.stepdef.Hooks.closeBrowser(io.cucumber.java.Scenario)","time":{"start":1762574461292,"stop":1762574461634,"duration":342},"status":"passed","steps":[],"attachments":[{"uid":"ff1687a94544c84e","name":"Verify whether the User is able to login with valid credentials","source":"ff1687a94544c84e.png","type":"image/png","size":1938}],"parameters":[],"shouldDisplayMessage":false,"stepsCount":0,"attachmentsCount":1,"hasContent":true,"attachmentStep":false}],"labels":[{"name":"tag","value":"Login"},{"name":"tag","value":"One"},{"name":"host","value":"Thiagi"},{"name":"thread","value":"49428@Thiagi.main(1)"},{"name":"feature","value":"Login functionality scenarios"},{"name":"story","value":"Verify whether the User is able to login with valid credentials"},{"name":"suite","value":"Login functionality scenarios"},{"name":"testClass","value":"Verify whether the User is able to login with valid credentials"},{"name":"framework","value":"cucumber4jvm"},{"name":"language","value":"java"},{"name":"gherkin_uri","value":"classpath:FeatureFiles//Login.feature"},{"name":"package","value":"FeatureFiles.Login_feature.Login functionality scenarios"},{"name":"resultFormat","value":"allure2"}],"parameters":[],"links":[],"hidden":true,"retry":true,"extra":{"categories":[],"tags":["One","Login"]},"source":"f0a4bec28b7af4a9.json","parameterValues":[]}